2023-02-04 12:27:55.992  INFO 15096 --- [restartedMain] kr.co.farmstory.FarmstoryApplication     : Starting FarmstoryApplication using Java 17.0.4 on DESKTOP-9RHJ2BN with PID 15096 (C:\Users\USER\Desktop\Workspace\SpringBoot\Farmstory\build\classes\java\main started by USER in C:\Users\USER\Desktop\Workspace\SpringBoot\Farmstory)
2023-02-04 12:27:56.000  INFO 15096 --- [restartedMain] kr.co.farmstory.FarmstoryApplication     : No active profile set, falling back to 1 default profile: "default"
2023-02-04 12:27:56.062  INFO 15096 --- [restartedMain] .e.DevToolsPropertyDefaultsPostProcessor : Devtools property defaults active! Set 'spring.devtools.add-properties' to 'false' to disable
2023-02-04 12:27:56.063  INFO 15096 --- [restartedMain] .e.DevToolsPropertyDefaultsPostProcessor : For additional web related logging consider setting the 'logging.level.web' property to 'DEBUG'
2023-02-04 12:27:56.792  INFO 15096 --- [restartedMain] .s.d.r.c.RepositoryConfigurationDelegate : Bootstrapping Spring Data JPA repositories in DEFAULT mode.
2023-02-04 12:27:56.850  INFO 15096 --- [restartedMain] .s.d.r.c.RepositoryConfigurationDelegate : Finished Spring Data repository scanning in 44 ms. Found 1 JPA repository interfaces.
2023-02-04 12:27:57.644  INFO 15096 --- [restartedMain] o.s.b.w.embedded.tomcat.TomcatWebServer  : Tomcat initialized with port(s): 8181 (http)
2023-02-04 12:27:57.659  INFO 15096 --- [restartedMain] o.apache.catalina.core.StandardService   : Starting service [Tomcat]
2023-02-04 12:27:57.660  INFO 15096 --- [restartedMain] org.apache.catalina.core.StandardEngine  : Starting Servlet engine: [Apache Tomcat/9.0.71]
2023-02-04 12:27:57.773  INFO 15096 --- [restartedMain] o.a.c.c.C.[.[localhost].[/Farmstory]     : Initializing Spring embedded WebApplicationContext
2023-02-04 12:27:57.773  INFO 15096 --- [restartedMain] w.s.c.ServletWebServerApplicationContext : Root WebApplicationContext: initialization completed in 1710 ms
2023-02-04 12:27:58.020  INFO 15096 --- [restartedMain] o.hibernate.jpa.internal.util.LogHelper  : HHH000204: Processing PersistenceUnitInfo [name: default]
2023-02-04 12:27:58.100  INFO 15096 --- [restartedMain] org.hibernate.Version                    : HHH000412: Hibernate ORM core version 5.6.14.Final
2023-02-04 12:27:58.296  INFO 15096 --- [restartedMain] o.hibernate.annotations.common.Version   : HCANN000001: Hibernate Commons Annotations {5.1.2.Final}
2023-02-04 12:27:58.401  INFO 15096 --- [restartedMain] com.zaxxer.hikari.HikariDataSource       : HikariPool-1 - Starting...
2023-02-04 12:27:58.693  INFO 15096 --- [restartedMain] com.zaxxer.hikari.HikariDataSource       : HikariPool-1 - Start completed.
2023-02-04 12:27:58.712  INFO 15096 --- [restartedMain] org.hibernate.dialect.Dialect            : HHH000400: Using dialect: org.hibernate.dialect.MySQL5InnoDBDialect
2023-02-04 12:27:59.331  INFO 15096 --- [restartedMain] o.h.e.t.j.p.i.JtaPlatformInitiator       : HHH000490: Using JtaPlatform implementation: [org.hibernate.engine.transaction.jta.platform.internal.NoJtaPlatform]
2023-02-04 12:27:59.339  INFO 15096 --- [restartedMain] j.LocalContainerEntityManagerFactoryBean : Initialized JPA EntityManagerFactory for persistence unit 'default'
2023-02-04 12:27:59.967  WARN 15096 --- [restartedMain] JpaBaseConfiguration$JpaWebConfiguration : spring.jpa.open-in-view is enabled by default. Therefore, database queries may be performed during view rendering. Explicitly configure spring.jpa.open-in-view to disable this warning
2023-02-04 12:28:00.149  INFO 15096 --- [restartedMain] o.s.s.web.DefaultSecurityFilterChain     : Will secure any request with [org.springframework.security.web.session.DisableEncodeUrlFilter@58bb0403, org.springframework.security.web.context.request.async.WebAsyncManagerIntegrationFilter@7b90340d, org.springframework.security.web.context.SecurityContextPersistenceFilter@7ff4597a, org.springframework.security.web.header.HeaderWriterFilter@5f9df6a1, org.springframework.security.web.authentication.logout.LogoutFilter@66e52bee, org.springframework.security.web.authentication.UsernamePasswordAuthenticationFilter@7cdb4252, org.springframework.security.web.savedrequest.RequestCacheAwareFilter@7bf146f1, org.springframework.security.web.servletapi.SecurityContextHolderAwareRequestFilter@1593a50f, org.springframework.security.web.authentication.AnonymousAuthenticationFilter@151e6aca, org.springframework.security.web.session.SessionManagementFilter@21a056e9, org.springframework.security.web.access.ExceptionTranslationFilter@54463811, org.springframework.security.web.access.intercept.FilterSecurityInterceptor@10bbcdc7]
2023-02-04 12:28:00.330  INFO 15096 --- [restartedMain] o.s.b.a.w.s.WelcomePageHandlerMapping    : Adding welcome page template: index
2023-02-04 12:28:00.558  INFO 15096 --- [restartedMain] o.s.b.d.a.OptionalLiveReloadServer       : LiveReload server is running on port 35729
2023-02-04 12:28:00.594  INFO 15096 --- [restartedMain] o.s.b.w.embedded.tomcat.TomcatWebServer  : Tomcat started on port(s): 8181 (http) with context path '/Farmstory'
2023-02-04 12:28:00.604  INFO 15096 --- [restartedMain] kr.co.farmstory.FarmstoryApplication     : Started FarmstoryApplication in 5.011 seconds (JVM running for 5.519)
2023-02-04 12:28:15.159  INFO 15096 --- [http-nio-8181-exec-2] o.a.c.c.C.[.[localhost].[/Farmstory]     : Initializing Spring DispatcherServlet 'dispatcherServlet'
2023-02-04 12:28:15.160  INFO 15096 --- [http-nio-8181-exec-2] o.s.web.servlet.DispatcherServlet        : Initializing Servlet 'dispatcherServlet'
2023-02-04 12:28:15.161  INFO 15096 --- [http-nio-8181-exec-2] o.s.web.servlet.DispatcherServlet        : Completed initialization in 1 ms
